<?xml version="1.0" encoding="UTF-8"?>
<!-- Generated by org.testng.reporters.JUnitReportReporter -->
<testsuite hostname="DESKTOP-4A6VTUP" failures="0" tests="3" name="jsonproject.DdTestUsingJson" time="37.722" errors="0" timestamp="2022-03-04T14:43:01 IST" skipped="0">
  <testcase classname="jsonproject.DdTestUsingJson" name="Login" time="19.026"/>
  <system-out/>
  <testcase classname="jsonproject.DdTestUsingJson" name="Login" time="1.614"/>
  <system-out/>
  <testcase classname="jsonproject.DdTestUsingJson" name="Login" time="17.082"/>
  <system-out/>
</testsuite> <!-- jsonproject.DdTestUsingJson -->
